Build started 29.11.2014 18:11:41.
     1>Project "D:\Facultate\EGC\Tema3\lab_gl_3.vcxproj" on node 2 (Build target(s)).
     1>PreBuildEvent:
         copy D:\Facultate\EGC\Tema3\dependente\freeglut\freeglut.dll D:\Facultate\EGC\Tema3\Debug
         copy D:\Facultate\EGC\Tema3\dependente\glew\glew32.dll D:\Facultate\EGC\Tema3\Debug
         
         :VCEnd
                 1 file(s) copied.
                 1 file(s) copied.
       ClCompile:
         C:\Program Files (x86)\Microsoft Visual Studio 10.0\VC\bin\CL.exe /c /ZI /nologo /W3 /WX- /Od /Oy- /D _MBCS /Gm /EHsc /RTC1 /MDd /GS /fp:precise /Zc:wchar_t /Zc:forScope /Fo"Debug\\" /Fd"Debug\vc100.pdb" /Gd /TP /analyze- /errorReport:prompt main.cpp
         main.cpp
     1>d:\facultate\egc\tema3\main.cpp(134): warning C4244: 'argument' : conversion from 'double' to 'GLfloat', possible loss of data
       Link:
         C:\Program Files (x86)\Microsoft Visual Studio 10.0\VC\bin\link.exe /ERRORREPORT:PROMPT /OUT:"Debug\lab_gl_3.exe" /NOLOGO /LIBPATH:dependente\freeglut /LIBPATH:dependente\glew opengl32.lib freeglut.lib glew32.lib kernel32.lib user32.lib gdi32.lib winspool.lib comdlg32.lib advapi32.lib shell32.lib ole32.lib oleaut32.lib uuid.lib odbc32.lib odbccp32.lib /MANIFEST /ManifestFile:"Debug\lab_gl_3.exe.intermediate.manifest" /MANIFESTUAC:"level='asInvoker' uiAccess='false'" /DEBUG /PDB:"D:\Facultate\EGC\Tema3\Debug\lab_gl_3.pdb" /TLBID:1 /DYNAMICBASE /NXCOMPAT /IMPLIB:"Debug\lab_gl_3.lib" /MACHINE:X86 Debug\main.obj
         LINK : Debug\lab_gl_3.exe not found or not built by the last incremental link; performing full link
         lab_gl_3.vcxproj -> D:\Facultate\EGC\Tema3\Debug\lab_gl_3.exe
       Manifest:
         C:\Program Files (x86)\Microsoft SDKs\Windows\v7.0A\bin\mt.exe /nologo /verbose /outputresource:"Debug\lab_gl_3.exe;#1" /manifest Debug\lab_gl_3.exe.intermediate.manifest
     1>Done Building Project "D:\Facultate\EGC\Tema3\lab_gl_3.vcxproj" (Build target(s)).

Build succeeded.

Time Elapsed 00:00:03.45
