d:\facultate\egc\tema3 - ski jumping\debug\character.obj
d:\facultate\egc\tema3 - ski jumping\debug\main.obj
d:\facultate\egc\tema3 - ski jumping\debug\quad.obj
d:\facultate\egc\tema3 - ski jumping\debug\slope.obj
d:\facultate\egc\tema3 - ski jumping\debug\vc100.pdb
d:\facultate\egc\tema3 - ski jumping\debug\objectbuilder.obj
d:\facultate\egc\tema3 - ski jumping\debug\object.obj
d:\facultate\egc\tema3 - ski jumping\debug\tema3.ilk
d:\facultate\egc\tema3 - ski jumping\debug\tema3.exe
d:\facultate\egc\tema3 - ski jumping\debug\tema3.exe.intermediate.manifest
d:\facultate\egc\tema3 - ski jumping\debug\tema3.pdb
d:\facultate\egc\tema3 - ski jumping\debug\cl.command.1.tlog
d:\facultate\egc\tema3 - ski jumping\debug\cl.read.1.tlog
d:\facultate\egc\tema3 - ski jumping\debug\cl.write.1.tlog
d:\facultate\egc\tema3 - ski jumping\debug\link.command.1.tlog
d:\facultate\egc\tema3 - ski jumping\debug\link.read.1.tlog
d:\facultate\egc\tema3 - ski jumping\debug\link.write.1.tlog
d:\facultate\egc\tema3 - ski jumping\debug\mt.command.1.tlog
d:\facultate\egc\tema3 - ski jumping\debug\mt.read.1.tlog
d:\facultate\egc\tema3 - ski jumping\debug\mt.write.1.tlog
d:\facultate\egc\tema3 - ski jumping\debug\vc100.idb
