Build started 17.12.2014 23:45:19.
     1>Project "D:\Facultate\EGC\Tema3 - Ski Jumping\Tema3.vcxproj" on node 2 (Build target(s)).
     1>ClCompile:
         C:\Program Files (x86)\Microsoft Visual Studio 10.0\VC\bin\CL.exe /c /ZI /nologo /W3 /WX- /Od /Oy- /D _MBCS /Gm /EHsc /RTC1 /MDd /GS /fp:precise /Zc:wchar_t /Zc:forScope /Fo"Debug\\" /Fd"Debug\vc100.pdb" /Gd /TP /analyze- /errorReport:prompt main.cpp
         main.cpp
     1>d:\facultate\egc\tema3 - ski jumping\auxiliary\util.h(18): warning C4018: '<' : signed/unsigned mismatch
     1>d:\facultate\egc\tema3 - ski jumping\auxiliary\util.h(21): warning C4018: '<' : signed/unsigned mismatch
     1>d:\facultate\egc\tema3 - ski jumping\auxiliary\util.h(33): warning C4018: '<' : signed/unsigned mismatch
     1>d:\facultate\egc\tema3 - ski jumping\main.cpp(43): warning C4305: 'argument' : truncation from 'double' to 'GLclampf'
     1>d:\facultate\egc\tema3 - ski jumping\main.cpp(43): warning C4305: 'argument' : truncation from 'double' to 'GLclampf'
     1>d:\facultate\egc\tema3 - ski jumping\main.cpp(43): warning C4305: 'argument' : truncation from 'double' to 'GLclampf'
     1>d:\facultate\egc\tema3 - ski jumping\main.cpp(75): warning C4018: '<' : signed/unsigned mismatch
     1>d:\facultate\egc\tema3 - ski jumping\main.cpp(81): warning C4018: '<' : signed/unsigned mismatch
     1>d:\facultate\egc\tema3 - ski jumping\main.cpp(102): warning C4244: 'argument' : conversion from 'time_t' to 'unsigned int', possible loss of data
     1>d:\facultate\egc\tema3 - ski jumping\main.cpp(136): warning C4018: '<' : signed/unsigned mismatch
     1>d:\facultate\egc\tema3 - ski jumping\main.cpp(144): warning C4305: '=' : truncation from 'double' to 'float'
     1>d:\facultate\egc\tema3 - ski jumping\main.cpp(146): warning C4305: '=' : truncation from 'double' to 'float'
     1>d:\facultate\egc\tema3 - ski jumping\main.cpp(200): warning C4018: '<' : signed/unsigned mismatch
     1>d:\facultate\egc\tema3 - ski jumping\main.cpp(218): warning C4244: 'initializing' : conversion from 'int' to 'float', possible loss of data
     1>d:\facultate\egc\tema3 - ski jumping\main.cpp(250): warning C4244: '=' : conversion from 'double' to 'float', possible loss of data
     1>d:\facultate\egc\tema3 - ski jumping\main.cpp(251): warning C4244: '=' : conversion from 'int' to 'float', possible loss of data
     1>d:\facultate\egc\tema3 - ski jumping\main.cpp(316): warning C4018: '<' : signed/unsigned mismatch
     1>d:\facultate\egc\tema3 - ski jumping\main.cpp(319): warning C4018: '<' : signed/unsigned mismatch
     1>d:\facultate\egc\tema3 - ski jumping\main.cpp(357): warning C4390: ';' : empty controlled statement found; is this the intent?
       Link:
         C:\Program Files (x86)\Microsoft Visual Studio 10.0\VC\bin\link.exe /ERRORREPORT:PROMPT /OUT:"Debug\Tema3.exe" /NOLOGO /LIBPATH:dependente\freeglut /LIBPATH:dependente\glew opengl32.lib freeglut.lib glew32.lib kernel32.lib user32.lib gdi32.lib winspool.lib comdlg32.lib advapi32.lib shell32.lib ole32.lib oleaut32.lib uuid.lib odbc32.lib odbccp32.lib /MANIFEST /ManifestFile:"Debug\Tema3.exe.intermediate.manifest" /MANIFESTUAC:"level='asInvoker' uiAccess='false'" /DEBUG /PDB:"D:\Facultate\EGC\Tema3 - Ski Jumping\Debug\Tema3.pdb" /TLBID:1 /DYNAMICBASE /NXCOMPAT /IMPLIB:"Debug\Tema3.lib" /MACHINE:X86 Debug\Character.obj
         Debug\ObjectBuilder.obj
         Debug\main.obj
         Debug\Quad.obj
         Debug\Slope.obj
         Debug\Object.obj
         LINK : Debug\Tema3.exe not found or not built by the last incremental link; performing full link
         Tema3.vcxproj -> D:\Facultate\EGC\Tema3 - Ski Jumping\Debug\Tema3.exe
       Manifest:
         C:\Program Files (x86)\Microsoft SDKs\Windows\v7.0A\bin\mt.exe /nologo /verbose /outputresource:"Debug\Tema3.exe;#1" /manifest Debug\Tema3.exe.intermediate.manifest
     1>Done Building Project "D:\Facultate\EGC\Tema3 - Ski Jumping\Tema3.vcxproj" (Build target(s)).

Build succeeded.

Time Elapsed 00:00:03.57
